#
# There is insufficient memory for the Java Runtime Environment to continue.
# Native memory allocation (malloc) failed to allocate 1048576 bytes for AllocateHeap
# Possible reasons:
#   The system is out of physical RAM or swap space
#   The process is running with CompressedOops enabled, and the Java Heap may be blocking the growth of the native heap
# Possible solutions:
#   Reduce memory load on the system
#   Increase physical memory or swap space
#   Check if swap backing store is full
#   Decrease Java heap size (-Xmx/-Xms)
#   Decrease number of Java threads
#   Decrease Java thread stack sizes (-Xss)
#   Set larger code cache with -XX:ReservedCodeCacheSize=
#   JVM is running with Zero Based Compressed Oops mode in which the Java heap is
#     placed in the first 32GB address space. The Java Heap base address is the
#     maximum limit for the native heap growth. Please use -XX:HeapBaseMinAddress
#     to set the Java Heap base and to place the Java Heap above 32GB virtual address.
# This output file may be truncated or incomplete.
#
#  Out of Memory Error (./open/src/hotspot/share/memory/allocation.cpp:44), pid=4164, tid=4524
#
# JRE version:  (15.0.2+7) (build )
# Java VM: Java HotSpot(TM) 64-Bit Server VM (15.0.2+7-27, mixed mode, sharing, tiered, compressed oops, g1 gc, windows-amd64)
# No core dump will be written. Minidumps are not enabled by default on client versions of Windows
#

---------------  S U M M A R Y ------------

Command Line: -javaagent:C:\Program Files\JetBrains\IntelliJ IDEA 2020.3.3\lib\idea_rt.jar=60071:C:\Program Files\JetBrains\IntelliJ IDEA 2020.3.3\bin -Dfile.encoding=UTF-8 com.company.Main

Host: Intel(R) Core(TM) i7-7500U CPU @ 2.70GHz, 4 cores, 15G,  Windows 10 , 64 bit Build 18362 (10.0.18362.1350)
Time: Sat Apr 10 15:24:14 2021 Iran Daylight Time elapsed time: 0.022439 seconds (0d 0h 0m 0s)

---------------  T H R E A D  ---------------

Current thread (0x00000230f0ea5f80):  JavaThread "Unknown thread" [_thread_in_vm, id=4524, stack(0x000000e2b3e00000,0x000000e2b3f00000)]

Stack: [0x000000e2b3e00000,0x000000e2b3f00000]
Native frames: (J=compiled Java code, j=interpreted, Vv=VM code, C=native code)
V  [jvm.dll+0x62ae9a]
V  [jvm.dll+0x7817a9]
V  [jvm.dll+0x782f03]
V  [jvm.dll+0x783563]
V  [jvm.dll+0x216325]
V  [jvm.dll+0x8ebb2]
V  [jvm.dll+0x2b0975]
V  [jvm.dll+0x2a80ce]
V  [jvm.dll+0x75e241]
V  [jvm.dll+0x3341c4]
V  [jvm.dll+0x73e926]
V  [jvm.dll+0x3b7557]
V  [jvm.dll+0x3b8fe1]
C  [jli.dll+0x52fb]
C  [ucrtbase.dll+0x210b2]
C  [KERNEL32.DLL+0x17c24]
C  [ntdll.dll+0x6d721]


---------------  P R O C E S S  ---------------

Threads class SMR info:
_java_thread_list=0x00007ffd1c604ff0, length=0, elements={
}

Java Threads: ( => current thread )

Other Threads:
  0x00000230f0ef4a80 GCTaskThread "GC Thread#0" [stack: 0x000000e2b3f00000,0x000000e2b4000000] [id=5608]

[error occurred during error reporting (printing all threads), id 0xc0000005, EXCEPTION_ACCESS_VIOLATION (0xc0000005) at pc=0x00007ffd1bdf53a0]

VM state: not at safepoint (not fully initialized)

VM Mutex/Monitor currently owned by a thread:  ([mutex/lock_event])
[0x00000230f0ea1b50] Heap_lock - owner thread: 0x00000230f0ea5f80

Heap address: 0x0000000701e00000, size: 4066 MB, Compressed Oops mode: Zero based, Oop shift amount: 3
CDS archive(s) mapped at: [0x0000000000000000-0x0000000000000000-0x0000000000000000), size 0, SharedBaseAddress: 0x0000000800000000, ArchiveRelocationMode: 0.
Narrow klass base: 0x0000000000000000, Narrow klass shift: 0, Narrow klass range: 0x0

Heap:
 garbage-first heap   total 0K, used 0K [0x0000000701e00000, 0x0000000800000000)
  region size 2048K, 0 young (0K), 0 survivors (0K)
 Metaspace       used 0K, capacity 0K, committed 0K, reserved 0K
  class space    used 0K, capacity 0K, committed 0K, reserved 0K

Heap Regions: E=young(eden), S=young(survivor), O=old, HS=humongous(starts), HC=humongous(continues), CS=collection set, F=free, OA=open archive, CA=closed archive, TAMS=top-at-mark-start (previous, next)

Card table byte_map: [0x00000230f98d0000,0x00000230fa0d0000] _byte_map_base: 0x00000230f60c1000

GC Heap History (0 events):
No events

Deoptimization events (0 events):
No events

Classes unloaded (0 events):
No events

Classes redefined (0 events):
No events

Internal exceptions (0 events):
No events

Events (1 events):
Event: 0.011 Loaded shared library C:\Program Files\Java\jdk-15.0.2\bin\java.dll


Dynamic libraries:
0x00007ff76e4f0000 - 0x00007ff76e4ff000 	C:\Program Files\Java\jdk-15.0.2\bin\java.exe
0x00007ffd5d4a0000 - 0x00007ffd5d690000 	C:\WINDOWS\SYSTEM32\ntdll.dll
0x00007ffd5b630000 - 0x00007ffd5b6e2000 	C:\WINDOWS\System32\KERNEL32.DLL
0x00007ffd5a750000 - 0x00007ffd5a9f5000 	C:\WINDOWS\System32\KERNELBASE.dll
0x00007ffd5aa80000 - 0x00007ffd5ab7a000 	C:\WINDOWS\System32\ucrtbase.dll
0x00007ffd54cc0000 - 0x00007ffd54cd9000 	C:\Program Files\Java\jdk-15.0.2\bin\VCRUNTIME140.dll
0x00007ffd54da0000 - 0x00007ffd54db8000 	C:\Program Files\Java\jdk-15.0.2\bin\jli.dll
0x00007ffd5c780000 - 0x00007ffd5c823000 	C:\WINDOWS\System32\ADVAPI32.dll
0x00007ffd5cfd0000 - 0x00007ffd5d06e000 	C:\WINDOWS\System32\msvcrt.dll
0x00007ffd5c830000 - 0x00007ffd5c8c7000 	C:\WINDOWS\System32\sechost.dll
0x00007ffd5d140000 - 0x00007ffd5d25f000 	C:\WINDOWS\System32\RPCRT4.dll
0x00007ffd5c520000 - 0x00007ffd5c6b4000 	C:\WINDOWS\System32\USER32.dll
0x00007ffd5aa00000 - 0x00007ffd5aa21000 	C:\WINDOWS\System32\win32u.dll
0x00007ffd5d260000 - 0x00007ffd5d286000 	C:\WINDOWS\System32\GDI32.dll
0x00007ffd5b490000 - 0x00007ffd5b628000 	C:\WINDOWS\System32\gdi32full.dll
0x00007ffd46b50000 - 0x00007ffd46dd4000 	C:\WINDOWS\WinSxS\amd64_microsoft.windows.common-controls_6595b64144ccf1df_6.0.18362.1440_none_9e7dbfb9e45e8e67\COMCTL32.dll
0x00007ffd5b7a0000 - 0x00007ffd5bad6000 	C:\WINDOWS\System32\combase.dll
0x00007ffd5a6c0000 - 0x00007ffd5a741000 	C:\WINDOWS\System32\bcryptPrimitives.dll
0x00007ffd5a5c0000 - 0x00007ffd5a65e000 	C:\WINDOWS\System32\msvcp_win.dll
0x00007ffd4e960000 - 0x00007ffd4e96a000 	C:\WINDOWS\SYSTEM32\VERSION.dll
0x00007ffd5d290000 - 0x00007ffd5d2be000 	C:\WINDOWS\System32\IMM32.DLL
0x00007ffd54f50000 - 0x00007ffd54f5c000 	C:\Program Files\Java\jdk-15.0.2\bin\vcruntime140_1.dll
0x00007ffd53ff0000 - 0x00007ffd54081000 	C:\Program Files\Java\jdk-15.0.2\bin\msvcp140.dll
0x00007ffd1bb40000 - 0x00007ffd1c69e000 	C:\Program Files\Java\jdk-15.0.2\bin\server\jvm.dll
0x00007ffd5c770000 - 0x00007ffd5c778000 	C:\WINDOWS\System32\PSAPI.DLL
0x00007ffd58ee0000 - 0x00007ffd58ee9000 	C:\WINDOWS\SYSTEM32\WSOCK32.dll
0x00007ffd5d2c0000 - 0x00007ffd5d32f000 	C:\WINDOWS\System32\WS2_32.dll
0x00007ffd4f710000 - 0x00007ffd4f734000 	C:\WINDOWS\SYSTEM32\WINMM.dll
0x00007ffd4f6e0000 - 0x00007ffd4f70d000 	C:\WINDOWS\SYSTEM32\WINMMBASE.dll
0x00007ffd5aa30000 - 0x00007ffd5aa7a000 	C:\WINDOWS\System32\cfgmgr32.dll
0x00007ffd5a440000 - 0x00007ffd5a451000 	C:\WINDOWS\System32\kernel.appcore.dll
0x00007ffd54e00000 - 0x00007ffd54e0a000 	C:\Program Files\Java\jdk-15.0.2\bin\jimage.dll
0x00007ffd58cb0000 - 0x00007ffd58ea4000 	C:\WINDOWS\SYSTEM32\DBGHELP.DLL
0x00007ffd4ab80000 - 0x00007ffd4abaa000 	C:\WINDOWS\SYSTEM32\dbgcore.DLL
0x00007ffd54cb0000 - 0x00007ffd54cbe000 	C:\Program Files\Java\jdk-15.0.2\bin\instrument.dll
0x00007ffd54bd0000 - 0x00007ffd54bf5000 	C:\Program Files\Java\jdk-15.0.2\bin\java.dll

dbghelp: loaded successfully - version: 4.0.5 - missing functions: none
symbol engine: initialized successfully - sym options: 0x614 - pdb path: .;C:\Program Files\Java\jdk-15.0.2\bin;C:\WINDOWS\SYSTEM32;C:\WINDOWS\WinSxS\amd64_microsoft.windows.common-controls_6595b64144ccf1df_6.0.18362.1440_none_9e7dbfb9e45e8e67;C:\Program Files\Java\jdk-15.0.2\bin\server

VM Arguments:
jvm_args: -javaagent:C:\Program Files\JetBrains\IntelliJ IDEA 2020.3.3\lib\idea_rt.jar=60071:C:\Program Files\JetBrains\IntelliJ IDEA 2020.3.3\bin -Dfile.encoding=UTF-8 
java_command: com.company.Main
java_class_path (initial): C:\Users\Envy\Kargah4\out\production\Kargah4;C:\Users\Envy\Desktop\JalaliCalendar-1.3.1.jar
Launcher Type: SUN_STANDARD

[Global flags]
     intx CICompilerCount                          = 3                                         {product} {ergonomic}
     uint ConcGCThreads                            = 1                                         {product} {ergonomic}
     uint G1ConcRefinementThreads                  = 4                                         {product} {ergonomic}
   size_t G1HeapRegionSize                         = 2097152                                   {product} {ergonomic}
    uintx GCDrainStackTargetSize                   = 64                                        {product} {ergonomic}
   size_t InitialHeapSize                          = 268435456                                 {product} {ergonomic}
   size_t MarkStackSize                            = 4194304                                   {product} {ergonomic}
   size_t MaxHeapSize                              = 4263510016                                {product} {ergonomic}
   size_t MinHeapDeltaBytes                        = 2097152                                   {product} {ergonomic}
   size_t MinHeapSize                              = 8388608                                   {product} {ergonomic}
    uintx NonNMethodCodeHeapSize                   = 5832780                                {pd product} {ergonomic}
    uintx NonProfiledCodeHeapSize                  = 122912730                              {pd product} {ergonomic}
    uintx ProfiledCodeHeapSize                     = 122912730                              {pd product} {ergonomic}
    uintx ReservedCodeCacheSize                    = 251658240                              {pd product} {ergonomic}
     bool SegmentedCodeCache                       = true                                      {product} {ergonomic}
   size_t SoftMaxHeapSize                          = 4263510016                             {manageable} {ergonomic}
     bool UseCompressedClassPointers               = true                                 {lp64_product} {ergonomic}
     bool UseCompressedOops                        = true                                 {lp64_product} {ergonomic}
     bool UseG1GC                                  = true                                      {product} {ergonomic}
     bool UseLargePagesIndividualAllocation        = false                                  {pd product} {ergonomic}

Logging:
Log output configuration:
 #0: stdout all=warning uptime,level,tags
 #1: stderr all=off uptime,level,tags

Environment Variables:
PATH=C:\Program Files\Common Files\Oracle\Java\javapath;C:\Program Files (x86)\Common Files\Intel\Shared Libraries\redist\intel64_win\compiler;C:\Program Files (x86)\Common Files\Intel\Shared Libraries\redist\intel64\compiler;C:\Program Files (x86)\Intel\iCLS Client\;C:\Program Files\Intel\iCLS Client\;C:\WINDOWS\system32;C:\WINDOWS;C:\WINDOWS\System32\Wbem;C:\WINDOWS\System32\WindowsPowerShell\v1.0\;C:\Program Files (x86)\Intel\Intel(R) Management Engine Components\DAL;C:\Program Files\Intel\Intel(R) Management Engine Components\DAL;C:\Program Files (x86)\Intel\Intel(R) Management Engine Components\IPT;C:\Program Files\Intel\Intel(R) Management Engine Components\IPT;c:\Program Files\Intel\WiFi\bin\;c:\Program Files\Common Files\Intel\WirelessCommon\;C:\WINDOWS\System32\OpenSSH\;C:\Program Files (x86)\Brackets\command;C:\TDM-GCC\bin;C:\Program Files\Microsoft SQL Server\130\Tools\Binn\;C:\Program Files\Java\jdk-15.0.2\bin;C:\Program Files\Git\cmd;C:\Users\Envy\AppData\Local\Microsoft\WindowsApps;C:\Users\Envy\AppData\Local\atom\bin;C:\Program Files\JetBrains\IntelliJ IDEA Community Edition 2019.2.4\bin;;D:\CLion 2020.2.4\bin;;C:\Users\Envy\AppData\Local\GitHubDesktop\bin;C:\Users\Envy\AppData\Local\Programs\Microsoft VS Code\bin
USERNAME=Envy
OS=Windows_NT
PROCESSOR_IDENTIFIER=Intel64 Family 6 Model 142 Stepping 9, GenuineIntel



---------------  S Y S T E M  ---------------

OS:
 Windows 10 , 64 bit Build 18362 (10.0.18362.1350)
OS uptime: 1 days 1:08 hours

CPU: total 4 (initial active 4) (2 cores per cpu, 2 threads per core) family 6 model 142 stepping 9 microcode 0xde, cmov, cx8, fxsr, mmx, sse, sse2, sse3, ssse3, sse4.1, sse4.2, popcnt, vzeroupper, avx, avx2, aes, clmul, erms, 3dnowpref, lzcnt, ht, tsc, tscinvbit, bmi1, bmi2, adx, fma, clflush, clflushopt

Memory: 4k page, system-wide physical 16256M (1775M free)
TotalPageFile size 31361M (AvailPageFile size 12M)
current process WorkingSet (physical memory assigned to process): 10M, peak: 10M
current process commit charge ("private bytes"): 49M, peak: 50M

vm_info: Java HotSpot(TM) 64-Bit Server VM (15.0.2+7-27) for windows-amd64 JRE (15.0.2+7-27), built on Dec  7 2020 20:07:01 by "mach5one" with unknown MS VC++:1925

END.
